2014-12-12 02:03:07 sigHandler: Unhandled signal 15, terminating

Initializing PIGPIO
Initializing MotorController
Resetting PCA9685 (Adafruit PWM 16)
Shutting down all PWM timers
Setting PWM frequency to [400]
PCA9685::setFrequency: prescale [14]
Initializing Motor
Arming motor
Resetting PCA9685 (Adafruit PWM 16)
Shutting down all PWM timers
Setting PWM frequency to [400]
PCA9685::setFrequency: prescale [14]
Setting throttle to zero
Sleeping for 2 seconds
Setting throttle to max
Sleeping for 1 second
Setting throttle back to zero
Waiting for 1 second.
Starting Test
Setting throttle to zero
Sleeping for 15 seconds. Check status.
10.
9.
8.
7.
6.
5.
4.
3.
2.
1.
Setting to [20%] for 2 seconds.
Setting to [40%] for 2 seconds.
Setting to [60%] for 2 seconds.
Setting to [80%] for 2 seconds.
Setting to [100%] for 10 seconds.
10.
9.
8.
7.
